\BOOKMARK [1][-]{section.1}{\376\377\213\304\122\006\176\306\122\031\116\016\142\245\124\112\211\201\154\102}{}% 1
\BOOKMARK [1][-]{section.2}{\376\377\230\171\166\356\151\202\217\360\116\016\163\257\130\203}{}% 2
\BOOKMARK [2][-]{subsection.2.1}{\376\377\230\171\166\356\166\356\150\007}{section.2}% 3
\BOOKMARK [2][-]{subsection.2.2}{\376\377\137\000\123\321\163\257\130\203}{section.2}% 4
\BOOKMARK [3][-]{subsubsection.2.2.1}{\376\377\170\154\116\366\221\115\177\156}{subsection.2.2}% 5
\BOOKMARK [3][-]{subsubsection.2.2.2}{\376\377\217\157\116\366\163\257\130\203}{subsection.2.2}% 6
\BOOKMARK [3][-]{subsubsection.2.2.3}{\376\377\230\171\166\356\166\356\137\125\176\323\147\204}{subsection.2.2}% 7
\BOOKMARK [3][-]{subsubsection.2.2.4}{\376\377\163\257\130\203\221\115\177\156\217\307\172\013}{subsection.2.2}% 8
\BOOKMARK [1][-]{section.3}{\376\377\000F\000l\000e\000x\213\315\154\325\122\006\147\220\126\150\123\237\164\006}{}% 9
\BOOKMARK [2][-]{subsection.3.1}{\376\377\000F\000l\000e\000x\135\345\117\134\155\101\172\013}{section.3}% 10
\BOOKMARK [2][-]{subsection.3.2}{\376\377\147\011\226\120\162\266\140\001\201\352\122\250\147\072\377\010\000F\000S\000A\377\011\123\237\164\006}{section.3}% 11
\BOOKMARK [2][-]{subsection.3.3}{\376\377\152\041\137\017\123\071\221\115\147\072\122\066}{section.3}% 12
\BOOKMARK [2][-]{subsection.3.4}{\376\377\162\266\140\001\116\016\162\266\140\001\217\154\143\142}{section.3}% 13
\BOOKMARK [1][-]{section.4}{\376\377\133\236\163\260\176\306\202\202}{}% 14
\BOOKMARK [2][-]{subsection.4.1}{\376\377\121\163\225\056\133\127\116\016\150\007\213\306\173\046}{section.4}% 15
\BOOKMARK [2][-]{subsection.4.2}{\376\377\133\127\173\046\116\062\131\004\164\006}{section.4}% 16
\BOOKMARK [2][-]{subsection.4.3}{\376\377\144\315\117\134\173\046\116\016\154\350\221\312}{section.4}% 17
\BOOKMARK [2][-]{subsection.4.4}{\376\377\225\031\213\357\131\004\164\006}{section.4}% 18
\BOOKMARK [1][-]{section.5}{\376\377\155\113\213\325\116\016\232\214\213\301}{}% 19
\BOOKMARK [2][-]{subsection.5.1}{\376\377\127\372\170\100\122\237\200\375\155\113\213\325}{section.5}% 20
\BOOKMARK [2][-]{subsection.5.2}{\376\377\133\127\173\046\116\062\116\016\154\350\221\312\155\113\213\325}{section.5}% 21
\BOOKMARK [2][-]{subsection.5.3}{\376\377\225\031\213\357\131\004\164\006\155\113\213\325}{section.5}% 22
\BOOKMARK [2][-]{subsection.5.4}{\376\377\226\306\142\020\155\113\213\325}{section.5}% 23
\BOOKMARK [1][-]{section.6}{\376\377\220\107\122\060\166\204\225\356\230\230\116\016\211\343\121\263\145\271\150\110}{}% 24
\BOOKMARK [1][-]{section.7}{\376\377\140\073\176\323}{}% 25
\BOOKMARK [1][-]{appendix.A}{\376\377\226\104\137\125\000:\000\040\000c\000o\000o\000l\000.\000f\000l\000e\000x\000\040\133\214\145\164\156\220\170\001}{}% 26
