#3
_program
  #3
  _class
    Basic
    Object
    "good.cl"
    (
    #4
    _attr
      x
      Int
      #4
      _no_expr
      : _no_type
    #6
    _method
      test
      Int
      #7
      _int
        1
      : Int
    )
  #11
  _class
    Child
    Basic
    "good.cl"
    (
    #12
    _attr
      y
      Int
      #12
      _no_expr
      : _no_type
    #14
    _method
      test
      Int
      #15
      _int
        2
      : Int
    )
  #19
  _class
    Main
    Object
    "good.cl"
    (
    #20
    _method
      main
      Basic
      #21
      _new
        Basic
      : Basic
    )
